Placozoa lab 1 par 0 children 2 d2root 1 gainW 0 lossW 0
Hydrozoa lab 321 par 4 children 322 d2root 3 gainW 0 lossW 0
Ctenophora lab 7 par 3 children 8 d2root 2 gainW 0 lossW 0
Rhabditophora lab 14 par 10 children 15 d2root 4 gainW 0 lossW 0
Ascaridida lab 20 par 19 children 21 d2root 7 gainW 0 lossW 0
Trichinellidae lab 45 par 44 children 46 d2root 7 gainW 0 lossW 0
Parasitiformes lab 333 par 304 children 334 d2root 7 gainW 0 lossW 0
Acariformes lab 335 par 304 children 305 d2root 7 gainW 0 lossW 0
Crustacea lab 52 par 51 children 53 d2root 8 gainW 0 lossW 0
Aschiza lab 58 par 57 children 59 d2root 12 gainW 0 lossW 0
virilisgroup lab 61 par 60 children 62 d2root 13 gainW 0 lossW 0
repletagroup lab 63 par 60 children 64 d2root 13 gainW 0 lossW 0
HawaiianDrosophila lab 65 par 60 children 66 d2root 13 gainW 0 lossW 0
willistonigroup lab 68 par 67 children 69 d2root 14 gainW 0 lossW 0
ananassaesubgroup lab 80 par 73 children 81 d2root 15 gainW 0 lossW 0
Aedini lab 87 par 86 children 88 d2root 13 gainW 0 lossW 0
Chaldicoideagroup lab 93 par 92 children 94 d2root 11 gainW 0 lossW 0
Ponerinae lab 101 par 96 children 102 d2root 13 gainW 0 lossW 0
Apoidea lab 103 par 95 children 104 d2root 12 gainW 0 lossW 0
AmphiesmenopteraLepidoptera lab 105 par 55 children 311 d2root 10 gainW 0 lossW 0
Orthopteroidea lab 316 par 54 children 317 d2root 9 gainW 0 lossW 0
Myriapoda lab 118 par 303 children 119 d2root 7 gainW 0 lossW 0
Gastropoda lab 318 par 124 children 125 d2root 6 gainW 0 lossW 0
Bivalvia lab 320 par 124 children 126 d2root 6 gainW 0 lossW 0
Rotifera lab 127 par 120 children 128 d2root 5 gainW 0 lossW 0
Asterozoa lab 136 par 132 children 137 d2root 5 gainW 0 lossW 0
Hemichordata lab 138 par 129 children 139 d2root 4 gainW 0 lossW 0
Appendicularia lab 145 par 141 children 146 d2root 6 gainW 0 lossW 0
Cyclostomata lab 152 par 151 children 153 d2root 7 gainW 0 lossW 0
Chondrichthyes lab 155 par 154 children 156 d2root 8 gainW 0 lossW 0
Euteleosteomorpha lab 159 par 158 children 160 d2root 10 gainW 0 lossW 0
Perciformes lab 169 par 165 children 170 d2root 14 gainW 0 lossW 0
Paracanthomorphacea lab 174 par 160 children 175 d2root 12 gainW 0 lossW 0
Cypriniformes lab 179 par 178 children 180 d2root 11 gainW 0 lossW 0
Characiformes lab 182 par 178 children 183 d2root 11 gainW 0 lossW 0
Coelacanthimorpha lab 187 par 186 children 188 d2root 10 gainW 0 lossW 0
Dipnotetrapodomorpha lab 189 par 186 children 191 d2root 10 gainW 0 lossW 0
Iguania lab 312 par 197 children 198 d2root 15 gainW 0 lossW 0
Serpentes lab 313 par 197 children 199 d2root 15 gainW 0 lossW 0
TestudinesArchosauria lab 200 par 196 children 201 d2root 14 gainW 0 lossW 0
Anseriformes lab 206 par 202 children 207 d2root 17 gainW 0 lossW 0
Passeriformes lab 208 par 202 children 209 d2root 17 gainW 0 lossW 0
Crocodylia lab 210 par 201 children 211 d2root 16 gainW 0 lossW 0
Protheria lab 215 par 214 children 216 d2root 14 gainW 0 lossW 0
Perissodactyla lab 235 par 231 children 236 d2root 18 gainW 0 lossW 0
Microchiroptera lab 241 par 240 children 244 d2root 19 gainW 0 lossW 0
Vespertilionidae lab 242 par 240 children 244 d2root 20 gainW 0 lossW 0
Megachiroptera lab 247 par 240 children 248 d2root 19 gainW 0 lossW 0
Bovinae lab 254 par 250 children 255 d2root 20 gainW 0 lossW 0
Suina lab 256 par 249 children 257 d2root 19 gainW 0 lossW 0
Cetacea lab 258 par 249 children 259 d2root 19 gainW 0 lossW 0
Lagomorpha lab 336 par 264 children 337 d2root 19 gainW 0 lossW 0
Heteromyidae lab 269 par 265 children 270 d2root 20 gainW 0 lossW 0
Sciuridae lab 271 par 265 children 272 d2root 20 gainW 0 lossW 0
Primates lab 273 par 260 children 283 d2root 18 gainW 0 lossW 0
Haplorrhini lab 276 par 260 children 283 d2root 19 gainW 0 lossW 0
Cercopithecoidea lab 284 par 283 children 286 d2root 21 gainW 0 lossW 0
Cercopithecinae lab 285 par 283 children 286 d2root 22 gainW 0 lossW 0
Ponginae lab 291 par 290 children 292 d2root 22 gainW 0 lossW 0
Gorilla lab 294 par 293 children 295 d2root 23 gainW 0 lossW 0
Homo lab 299 par 293 children 300 d2root 23 gainW 0 lossW 0
